#
# There is insufficient memory for the Java Runtime Environment to continue.
# Native memory allocation (mmap) failed to map 125829120 bytes. Error detail: G1 virtual space
# Possible reasons:
#   The system is out of physical RAM or swap space
#   This process is running with CompressedOops enabled, and the Java Heap may be blocking the growth of the native heap
# Possible solutions:
#   Reduce memory load on the system
#   Increase physical memory or swap space
#   Check if swap backing store is full
#   Decrease Java heap size (-Xmx/-Xms)
#   Decrease number of Java threads
#   Decrease Java thread stack sizes (-Xss)
#   Set larger code cache with -XX:ReservedCodeCacheSize=
#   JVM is running with Unscaled Compressed Oops mode in which the Java heap is
#     placed in the first 4GB address space. The Java Heap base address is the
#     maximum limit for the native heap growth. Please use -XX:HeapBaseMinAddress
#     to set the Java Heap base and to place the Java Heap above 4GB virtual address.
# This output file may be truncated or incomplete.
#
#  Out of Memory Error (os_windows.cpp:3631), pid=7864, tid=284
#
# JRE version:  (22.0.1+8) (build )
# Java VM: OpenJDK 64-Bit Server VM (22.0.1+8-16, mixed mode, sharing, tiered, compressed oops, compressed class ptrs, g1 gc, windows-amd64)
# No core dump will be written. Minidumps are not enabled by default on client versions of Windows
#

---------------  S U M M A R Y ------------

Command Line: -javaagent:F:\IntelliJ IDEA 2024.1.1\lib\idea_rt.jar=51812:F:\IntelliJ IDEA 2024.1.1\bin -Dfile.encoding=UTF-8 -Dsun.stdout.encoding=UTF-8 -Dsun.stderr.encoding=UTF-8 MainKt

Host: AMD Ryzen 5 5500U with Radeon Graphics         , 12 cores, 7G,  Windows 10 , 64 bit Build 19041 (10.0.19041.2251)
Time: Wed May 15 09:39:29 2024 RTZ 2 (s 10 , 64 bit Build 19041 (10.0.19041.2251) elapsed time: 0.024582 seconds (0d 0h 0m 0s)

---------------  T H R E A D  ---------------

Current thread (0x000002211734df80):  JavaThread "Unknown thread" [_thread_in_vm, id=284, stack(0x000000b861a00000,0x000000b861b00000) (1024K)]

Stack: [0x000000b861a00000,0x000000b861b00000]
Native frames: (J=compiled Java code, j=interpreted, Vv=VM code, C=native code)
V  [jvm.dll+0x6e2279]  (no source info available)
V  [jvm.dll+0x874e33]  (no source info available)
V  [jvm.dll+0x87725e]  (no source info available)
V  [jvm.dll+0x877933]  (no source info available)
V  [jvm.dll+0x27fd76]  (no source info available)
V  [jvm.dll+0x6de915]  (no source info available)
V  [jvm.dll+0x6d341a]  (no source info available)
V  [jvm.dll+0x3589da]  (no source info available)
V  [jvm.dll+0x360f06]  (no source info available)
V  [jvm.dll+0x3b3e2e]  (no source info available)
V  [jvm.dll+0x3b40d8]  (no source info available)
V  [jvm.dll+0x32c59c]  (no source info available)
V  [jvm.dll+0x32d158]  (no source info available)
V  [jvm.dll+0x83ccdc]  (no source info available)
V  [jvm.dll+0x3c0d71]  (no source info available)
V  [jvm.dll+0x825ccc]  (no source info available)
V  [jvm.dll+0x45b8fe]  (no source info available)
V  [jvm.dll+0x45d781]  (no source info available)
C  [jli.dll+0x52a3]  (no source info available)
C  [ucrtbase.dll+0x21bb2]  (no source info available)
C  [KERNEL32.DLL+0x174b4]  (no source info available)
C  [ntdll.dll+0x526a1]  (no source info available)


---------------  P R O C E S S  ---------------

Threads class SMR info:
_java_thread_list=0x00007ffc05b3b1c8, length=0, elements={
}

Java Threads: ( => current thread )
Total: 0

Other Threads:
  0x00000221173a0a30 WorkerThread "GC Thread#0"                     [id=2404, stack(0x000000b861b00000,0x000000b861c00000) (1024K)]
  0x000002211730db20 ConcurrentGCThread "G1 Main Marker"            [id=4916, stack(0x000000b861c00000,0x000000b861d00000) (1024K)]
  0x000002211730e2e0 WorkerThread "G1 Conc#0"                       [id=10216, stack(0x000000b861d00000,0x000000b861e00000) (1024K)]

[error occurred during error reporting (printing all threads), id 0xc0000005, EXCEPTION_ACCESS_VIOLATION (0xc0000005) at pc=0x00007ffc0528f367]
VM state: not at safepoint (not fully initialized)

VM Mutex/Monitor currently owned by a thread:  ([mutex/lock_event])
[0x00007ffc05bbbcb8] Heap_lock - owner thread: 0x000002211734df80

Heap address: 0x0000000089800000, size: 1896 MB, Compressed Oops mode: 32-bit

CDS archive(s) mapped at: [0x0000000000000000-0x0000000000000000-0x0000000000000000), size 0, SharedBaseAddress: 0x0000000800000000, ArchiveRelocationMode: 1.
Narrow klass base: 0x0000000000000000, Narrow klass shift: 0, Narrow klass range: 0x0

GC Precious Log:
 CardTable entry size: 512
 Card Set container configuration: InlinePtr #cards 5 size 8 Array Of Cards #cards 12 size 40 Howl #buckets 4 coarsen threshold 1843 Howl Bitmap #cards 512 size 80 coarsen threshold 460 Card regions per heap region 1 cards per card region 2048

Heap:
 garbage-first heap   total reserved 1941504K, committed 0K, used 0K [0x0000000089800000, 0x0000000100000000)
  region size 1024K, 0 young (0K), 0 survivors (0K)

[error occurred during error reporting (printing heap information), id 0xc0000005, EXCEPTION_ACCESS_VIOLATION (0xc0000005) at pc=0x00007ffc0568e429]
GC Heap History (0 events):
No events

Dll operation events (1 events):
Event: 0.012 Loaded shared library C:\Users\Administrator\.jdks\openjdk-22.0.1\bin\java.dll

Deoptimization events (0 events):
No events

Classes loaded (0 events):
No events

Classes unloaded (0 events):
No events

Classes redefined (0 events):
No events

Internal exceptions (0 events):
No events

ZGC Phase Switch (0 events):
No events

VM Operations (0 events):
No events

Events (0 events):
No events


Dynamic libraries:
0x00007ff74e050000 - 0x00007ff74e05e000 	C:\Users\Administrator\.jdks\openjdk-22.0.1\bin\java.exe
0x00007ffc7c090000 - 0x00007ffc7c288000 	C:\Windows\SYSTEM32\ntdll.dll
0x00007ffc7bcc0000 - 0x00007ffc7bd7f000 	C:\Windows\System32\KERNEL32.DLL
0x00007ffc79cd0000 - 0x00007ffc79fa2000 	C:\Windows\System32\KERNELBASE.dll
0x00007ffc79790000 - 0x00007ffc79890000 	C:\Windows\System32\ucrtbase.dll
0x00007ffc6bba0000 - 0x00007ffc6bbb7000 	C:\Users\Administrator\.jdks\openjdk-22.0.1\bin\jli.dll
0x00007ffc71440000 - 0x00007ffc7145b000 	C:\Users\Administrator\.jdks\openjdk-22.0.1\bin\VCRUNTIME140.dll
0x00007ffc7ab60000 - 0x00007ffc7acfd000 	C:\Windows\System32\USER32.dll
0x00007ffc79c50000 - 0x00007ffc79c72000 	C:\Windows\System32\win32u.dll
0x00007ffc67b60000 - 0x00007ffc67dfa000 	C:\Windows\WinSxS\amd64_microsoft.windows.common-controls_6595b64144ccf1df_6.0.19041.1110_none_60b5254171f9507e\COMCTL32.dll
0x00007ffc7a8d0000 - 0x00007ffc7a8fb000 	C:\Windows\System32\GDI32.dll
0x00007ffc7b470000 - 0x00007ffc7b50e000 	C:\Windows\System32\msvcrt.dll
0x00007ffc799e0000 - 0x00007ffc79aef000 	C:\Windows\System32\gdi32full.dll
0x00007ffc79fb0000 - 0x00007ffc7a04d000 	C:\Windows\System32\msvcp_win.dll
0x00007ffc7bd80000 - 0x00007ffc7bdb2000 	C:\Windows\System32\IMM32.DLL
0x00007ffc6bb90000 - 0x00007ffc6bb9c000 	C:\Users\Administrator\.jdks\openjdk-22.0.1\bin\vcruntime140_1.dll
0x00007ffc56f40000 - 0x00007ffc56fce000 	C:\Users\Administrator\.jdks\openjdk-22.0.1\bin\msvcp140.dll
0x00007ffc04f50000 - 0x00007ffc05c97000 	C:\Users\Administrator\.jdks\openjdk-22.0.1\bin\server\jvm.dll
0x00007ffc7a900000 - 0x00007ffc7a9ae000 	C:\Windows\System32\ADVAPI32.dll
0x00007ffc7a830000 - 0x00007ffc7a8cc000 	C:\Windows\System32\sechost.dll
0x00007ffc7b1f0000 - 0x00007ffc7b315000 	C:\Windows\System32\RPCRT4.dll
0x00007ffc7bf60000 - 0x00007ffc7bfcb000 	C:\Windows\System32\WS2_32.dll
0x00007ffc78d60000 - 0x00007ffc78dab000 	C:\Windows\SYSTEM32\POWRPROF.dll
0x00007ffc6df10000 - 0x00007ffc6df37000 	C:\Windows\SYSTEM32\WINMM.dll
0x00007ffc70b40000 - 0x00007ffc70b4a000 	C:\Windows\SYSTEM32\VERSION.dll
0x00007ffc78bd0000 - 0x00007ffc78be2000 	C:\Windows\SYSTEM32\UMPDC.dll
0x00007ffc77650000 - 0x00007ffc77662000 	C:\Windows\SYSTEM32\kernel.appcore.dll
0x00007ffc6bb80000 - 0x00007ffc6bb8a000 	C:\Users\Administrator\.jdks\openjdk-22.0.1\bin\jimage.dll
0x00007ffc70be0000 - 0x00007ffc70dc4000 	C:\Windows\SYSTEM32\DBGHELP.DLL
0x00007ffc55e90000 - 0x00007ffc55ebc000 	C:\Windows\SYSTEM32\dbgcore.DLL
0x00007ffc7a050000 - 0x00007ffc7a0d2000 	C:\Windows\System32\bcryptPrimitives.dll
0x00007ffc65ef0000 - 0x00007ffc65eff000 	C:\Users\Administrator\.jdks\openjdk-22.0.1\bin\instrument.dll
0x00007ffc66990000 - 0x00007ffc669ae000 	C:\Users\Administrator\.jdks\openjdk-22.0.1\bin\java.dll
0x00007ffc7a0e0000 - 0x00007ffc7a823000 	C:\Windows\System32\SHELL32.dll
0x00007ffc7b0c0000 - 0x00007ffc7b1ea000 	C:\Windows\System32\ole32.dll
0x00007ffc7ad60000 - 0x00007ffc7b0b4000 	C:\Windows\System32\combase.dll

dbghelp: loaded successfully - version: 4.0.5 - missing functions: none
symbol engine: initialized successfully - sym options: 0x614 - pdb path: .;C:\Users\Administrator\.jdks\openjdk-22.0.1\bin;C:\Windows\SYSTEM32;C:\Windows\WinSxS\amd64_microsoft.windows.common-controls_6595b64144ccf1df_6.0.19041.1110_none_60b5254171f9507e;C:\Users\Administrator\.jdks\openjdk-22.0.1\bin\server

VM Arguments:
jvm_args: -javaagent:F:\IntelliJ IDEA 2024.1.1\lib\idea_rt.jar=51812:F:\IntelliJ IDEA 2024.1.1\bin -Dfile.encoding=UTF-8 -Dsun.stdout.encoding=UTF-8 -Dsun.stderr.encoding=UTF-8 
java_command: MainKt
java_class_path (initial): D:\FPLab5Example-master\out\production\FPLab5Example;C:\Users\Administrator\.m2\repository\org\jetbrains\kotlin\kotlin-stdlib-jdk8\1.6.10\kotlin-stdlib-jdk8-1.6.10.jar;C:\Users\Administrator\.m2\repository\org\jetbrains\kotlin\kotlin-stdlib\1.6.10\kotlin-stdlib-1.6.10.jar;C:\Users\Administrator\.m2\repository\org\jetbrains\annotations\13.0\annotations-13.0.jar;C:\Users\Administrator\.m2\repository\org\jetbrains\kotlin\kotlin-stdlib-common\1.6.10\kotlin-stdlib-common-1.6.10.jar;C:\Users\Administrator\.m2\repository\org\jetbrains\kotlin\kotlin-stdlib-jdk7\1.6.10\kotlin-stdlib-jdk7-1.6.10.jar
Launcher Type: SUN_STANDARD

[Global flags]
     intx CICompilerCount                          = 4                                         {product} {ergonomic}
     uint ConcGCThreads                            = 3                                         {product} {ergonomic}
     uint G1ConcRefinementThreads                  = 10                                        {product} {ergonomic}
   size_t G1HeapRegionSize                         = 1048576                                   {product} {ergonomic}
   size_t InitialHeapSize                          = 125829120                                 {product} {ergonomic}
   size_t MarkStackSize                            = 4194304                                   {product} {ergonomic}
   size_t MaxHeapSize                              = 1988100096                                {product} {ergonomic}
   size_t MinHeapDeltaBytes                        = 1048576                                   {product} {ergonomic}
   size_t MinHeapSize                              = 8388608                                   {product} {ergonomic}
    uintx NonNMethodCodeHeapSize                   = 5839372                                {pd product} {ergonomic}
    uintx NonProfiledCodeHeapSize                  = 122909434                              {pd product} {ergonomic}
    uintx ProfiledCodeHeapSize                     = 122909434                              {pd product} {ergonomic}
    uintx ReservedCodeCacheSize                    = 251658240                              {pd product} {ergonomic}
     bool SegmentedCodeCache                       = true                                      {product} {ergonomic}
   size_t SoftMaxHeapSize                          = 1988100096                             {manageable} {ergonomic}
     bool UseCompressedOops                        = true                           {product lp64_product} {ergonomic}
     bool UseG1GC                                  = true                                      {product} {ergonomic}
     bool UseLargePagesIndividualAllocation        = false                                  {pd product} {ergonomic}

Logging:
Log output configuration:
 #0: stdout all=warning uptime,level,tags foldmultilines=false
 #1: stderr all=off uptime,level,tags foldmultilines=false

Environment Variables:
CLASSPATH=C:\Users\Administrator\Downloads\sqlite\sqlite-jdbc-3.16.1.jar;.
PATH=C:\Program Files\Common Files\Oracle\Java\javapath;F:\OracleXE184\dbhomeXE\bin;C:\Program Files (x86)\NVIDIA Corporation\PhysX\Common;C:\Program Files (x86)\Common Files\Oracle\Java\javapath;C:\Windows\system32;C:\Windows;C:\Windows\System32\Wbem;C:\Windows\System32\WindowsPowerShell\v1.0\;C:\Windows\System32\OpenSSH\;C:\Program Files\Microsoft SQL Server\Client SDK\ODBC\170\Tools\Binn\;C:\OGL;F:\LLVM\bin\clang-format.exe;C:\Program Files\dotnet\;C:\Users\Administrator\Desktop\kotlinc\bin;C:\Users\Administrator\AppData\Local\Programs\Python\Python311\Scripts\;C:\Users\Administrator\AppData\Local\Programs\Python\Python311\;C:\Program Files\Common Files\Oracle\Java\javapath;F:\OracleXE184\dbhomeXE\bin;C:\Program Files (x86)\NVIDIA Corporation\PhysX\Common;C:\Program Files (x86)\Common Files\Oracle\Java\javapath;C:\Windows\system32;C:\Windows;C:\Windows\System32\Wbem;C:\Windows\System32\WindowsPowerShell\v1.0\;C:\Windows\System32\OpenSSH\;C:\Program Files\Microsoft SQL Server\Client SDK\ODBC\170\Tools\Binn\;C:\OGL;F:\LLVM\bin\clang-format.exe;C:\Program Files\dotnet\;C:\Users\Administrator\Desktop\kotlinc\bin;F:\LLVM\bin;F:\Games\Microsoft VS Code\bin;C:\Users\Administrator\.dotnet\tools;C:\Program Files\Java\jdk-14.0.1\bin;C:\Users\Administrator\Desktop\kotlinc\bin;;F:\IntelliJ IDEA 2024.1.1\bin;
USERNAME=Liried
OS=Windows_NT
PROCESSOR_IDENTIFIER=AMD64 Family 23 Model 104 Stepping 1, AuthenticAMD
TMP=C:\Users\ADMINI~1\AppData\Local\Temp
TEMP=C:\Users\ADMINI~1\AppData\Local\Temp




Periodic native trim disabled

---------------  S Y S T E M  ---------------

OS:
 Windows 10 , 64 bit Build 19041 (10.0.19041.2251)
OS uptime: 0 days 1:20 hours

CPU: total 12 (initial active 12) (12 cores per cpu, 2 threads per core) family 23 model 104 stepping 1 microcode 0x0, cx8, cmov, fxsr, ht, mmx, 3dnowpref, sse, sse2, sse3, ssse3, sse4a, sse4.1, sse4.2, popcnt, lzcnt, tsc, tscinvbit, avx, avx2, aes, clmul, bmi1, bmi2, adx, sha, fma, vzeroupper, clflush, clflushopt, rdtscp, rdpid, f16c
Processor Information for all 12 processors :
  Max Mhz: 2100, Current Mhz: 2100, Mhz Limit: 2100

Memory: 4k page, system-wide physical 7580M (978M free)
TotalPageFile size 11731M (AvailPageFile size 67M)
current process WorkingSet (physical memory assigned to process): 11M, peak: 11M
current process commit charge ("private bytes"): 64M, peak: 184M

vm_info: OpenJDK 64-Bit Server VM (22.0.1+8-16) for windows-amd64 JRE (22.0.1+8-16), built on 2024-03-12T10:33:16Z by "mach5one" with MS VC++ 17.6 (VS2022)

END.
